<?xml version="1.0" encoding="UTF-8"?>
<testng-results ignored="0" total="2" passed="2" failed="0" skipped="0">
  <reporter-output>
  </reporter-output>
  <suite started-at="2024-05-09T16:18:48Z" name="Surefire suite" finished-at="2024-05-09T16:18:50Z" duration-ms="1261">
    <groups>
    </groups>
    <test started-at="2024-05-09T16:18:48Z" name="Surefire test" finished-at="2024-05-09T16:18:50Z" duration-ms="1261">
      <class name="AutomationFinalProject.LoginTest">
        <test-method signature="navigation(java.lang.String, java.lang.String)[pri:0, instance:AutomationFinalProject.LoginTest@61544ae6]" started-at="2024-05-09T16:18:50Z" name="navigation" data-provider="getData" finished-at="2024-05-09T16:18:50Z" duration-ms="8" status="PASS">
          <params>
            <param index="0">
              <value>
                <![CDATA[user1]]>
              </value>
            </param>
            <param index="1">
              <value>
                <![CDATA[pass1]]>
              </value>
            </param>
          </params>
          <reporter-output>
          </reporter-output>
        </test-method> <!-- navigation -->
        <test-method signature="navigation(java.lang.String, java.lang.String)[pri:0, instance:AutomationFinalProject.LoginTest@61544ae6]" started-at="2024-05-09T16:18:50Z" name="navigation" data-provider="getData" finished-at="2024-05-09T16:18:50Z" duration-ms="1" status="PASS">
          <params>
            <param index="0">
              <value>
                <![CDATA[user2]]>
              </value>
            </param>
            <param index="1">
              <value>
                <![CDATA[pass2]]>
              </value>
            </param>
          </params>
          <reporter-output>
          </reporter-output>
        </test-method> <!-- navigation -->
      </class> <!-- AutomationFinalProject.LoginTest -->
    </test> <!-- Surefire test -->
  </suite> <!-- Surefire suite -->
</testng-results>
