<?xml version="1.0" encoding="UTF-8"?>
<testsuite xmlns:xsi="http://www.w3.org/2001/XMLSchema-instance" xsi:noNamespaceSchemaLocation="https://maven.apache.org/surefire/maven-surefire-plugin/xsd/surefire-test-report-3.0.xsd" version="3.0" name="AutomationFinalProject.LoginTest" time="2.837" tests="2" errors="0" skipped="0" failures="0">
  <properties>
[...]
</properties>
  <testcase name="navigation[user1, pass1](1)" classname="AutomationFinalProject.LoginTest" time="0.007"/>
  <testcase name="navigation[user2, pass2](2)" classname="AutomationFinalProject.LoginTest" time="0.0"/>
</testsuite>